2023-12-17 14:12:405 INFO  HomePage :107 - Click on login link  : [[ChromeDriver: chrome on windows (c30de1f1923dea84fbdd0974f90e2f9e)] -> class name: ico-login]
2023-12-17 14:12:637 INFO  HomePage :107 - Click on login link  : [[ChromeDriver: chrome on windows (b0ef004336146a732cd0f1c7cd2b1993)] -> class name: ico-login]
2023-12-17 14:12:887 INFO  HomePage :107 - Click on login link  : [[ChromeDriver: chrome on windows (1c732d5e5e9d3f9931e554ac89ac1cce)] -> class name: ico-login]
2023-12-17 14:12:689 INFO  HomePage :107 - Click on login link  : [[ChromeDriver: chrome on windows (5a1f8332fe78c1fe9dd5bec13da67557)] -> class name: ico-login]
2023-12-17 14:12:889 INFO  HomePage :107 - Click on login link  : [[ChromeDriver: chrome on windows (79fddcbaf19fb3abf267c8eed5fbfa17)] -> class name: ico-login]
2023-12-17 14:12:455 INFO  HomePage :107 - Click on login link  : [[ChromeDriver: chrome on windows (de9dc4e21b3b2368c463e11e85c79f4b)] -> class name: ico-login]
2023-12-17 14:12:237 INFO  HomePage :107 - Click on login link  : [[ChromeDriver: chrome on windows (d219a2c334141af044fafca8f7efd8ac)] -> class name: ico-login]
2023-12-17 14:12:279 INFO  LoginPage :55 - Getting text from : [[ChromeDriver: chrome on windows (d219a2c334141af044fafca8f7efd8ac)] -> xpath: //h1[normalize-space()='Welcome, Please Sign In!']]
2023-12-17 14:12:904 INFO  HomePage :107 - Click on login link  : [[ChromeDriver: chrome on windows (a446e4bca916276988d40569b0d66296)] -> class name: ico-login]
2023-12-17 14:12:967 INFO  LoginPage :55 - Getting text from : [[ChromeDriver: chrome on windows (a446e4bca916276988d40569b0d66296)] -> xpath: //h1[normalize-space()='Welcome, Please Sign In!']]
2023-12-17 14:12:50 INFO  HomePage :107 - Click on login link  : [[ChromeDriver: chrome on windows (c5a7a341ac561c0842ebec870026305a)] -> class name: ico-login]
2023-12-17 14:12:167 INFO  LoginPage :62 - Enter EmailId[[ChromeDriver: chrome on windows (c5a7a341ac561c0842ebec870026305a)] -> id: Email]
2023-12-17 14:12:230 INFO  LoginPage :68 - Enter Password[[ChromeDriver: chrome on windows (c5a7a341ac561c0842ebec870026305a)] -> name: Password]
2023-12-17 14:12:446 INFO  LoginPage :73 - Click on login button [[ChromeDriver: chrome on windows (c5a7a341ac561c0842ebec870026305a)] -> xpath: //button[normalize-space()='Log in']]
2023-12-17 14:12:496 INFO  LoginPage :78 - Getting text from : [[ChromeDriver: chrome on windows (c5a7a341ac561c0842ebec870026305a)] -> xpath: //div[@class='message-error validation-summary-errors']]
2023-12-17 14:12:966 INFO  HomePage :107 - Click on login link  : [[ChromeDriver: chrome on windows (0d8eff740097521c19a05acff7f2ce31)] -> class name: ico-login]
2023-12-17 14:12:84 INFO  LoginPage :62 - Enter EmailId[[ChromeDriver: chrome on windows (0d8eff740097521c19a05acff7f2ce31)] -> id: Email]
2023-12-17 14:12:144 INFO  LoginPage :68 - Enter Password[[ChromeDriver: chrome on windows (0d8eff740097521c19a05acff7f2ce31)] -> name: Password]
2023-12-17 14:12:336 INFO  LoginPage :73 - Click on login button [[ChromeDriver: chrome on windows (0d8eff740097521c19a05acff7f2ce31)] -> xpath: //button[normalize-space()='Log in']]
2023-12-17 15:12:960 INFO  HomePage :107 - Click on login link  : [[ChromeDriver: chrome on windows (b13380155bac7217b8a706b2f0a6dda4)] -> class name: ico-login]
2023-12-17 15:12:98 INFO  LoginPage :69 - Enter EmailId[[ChromeDriver: chrome on windows (b13380155bac7217b8a706b2f0a6dda4)] -> id: Email]
2023-12-17 15:12:165 INFO  LoginPage :75 - Enter Password[[ChromeDriver: chrome on windows (b13380155bac7217b8a706b2f0a6dda4)] -> name: Password]
2023-12-17 15:12:407 INFO  LoginPage :80 - Click on login button [[ChromeDriver: chrome on windows (b13380155bac7217b8a706b2f0a6dda4)] -> xpath: //button[normalize-space()='Log in']]
2023-12-17 15:12:511 INFO  HomePage :112 - Getting message : [[ChromeDriver: chrome on windows (b13380155bac7217b8a706b2f0a6dda4)] -> class name: ico-logout]
2023-12-17 15:12:905 INFO  HomePage :107 - Click on login link  : [[ChromeDriver: chrome on windows (4a3642d9d124e9d4a1b68f9a1a02df76)] -> class name: ico-login]
2023-12-17 15:12:960 INFO  LoginPage :58 - Getting text from : [[ChromeDriver: chrome on windows (4a3642d9d124e9d4a1b68f9a1a02df76)] -> xpath: //h1[normalize-space()='Welcome, Please Sign In!']]
2023-12-17 15:12:301 INFO  HomePage :107 - Click on login link  : [[ChromeDriver: chrome on windows (6578366102f5bf0beeea7094e0cfeb83)] -> class name: ico-login]
2023-12-17 15:12:418 INFO  LoginPage :69 - Enter EmailId[[ChromeDriver: chrome on windows (6578366102f5bf0beeea7094e0cfeb83)] -> id: Email]
2023-12-17 15:12:472 INFO  LoginPage :75 - Enter Password[[ChromeDriver: chrome on windows (6578366102f5bf0beeea7094e0cfeb83)] -> name: Password]
2023-12-17 15:12:731 INFO  LoginPage :80 - Click on login button [[ChromeDriver: chrome on windows (6578366102f5bf0beeea7094e0cfeb83)] -> xpath: //button[normalize-space()='Log in']]
2023-12-17 15:12:85 INFO  HomePage :117 - Getting message : [[ChromeDriver: chrome on windows (6578366102f5bf0beeea7094e0cfeb83)] -> class name: ico-logout]
2023-12-17 15:12:592 INFO  HomePage :109 - Click on login link  : [[ChromeDriver: chrome on windows (852147338f815172b4aa6b03ba074577)] -> class name: ico-login]
2023-12-17 15:12:679 INFO  LoginPage :58 - Getting text from : [[ChromeDriver: chrome on windows (852147338f815172b4aa6b03ba074577)] -> xpath: //h1[normalize-space()='Welcome, Please Sign In!']]
2023-12-17 15:12:758 INFO  HomePage :109 - Click on login link  : [[ChromeDriver: chrome on windows (455c2c80838cec639b2e4acd4adfa96d)] -> class name: ico-login]
2023-12-17 15:12:882 INFO  LoginPage :69 - Enter EmailId[[ChromeDriver: chrome on windows (455c2c80838cec639b2e4acd4adfa96d)] -> id: Email]
2023-12-17 15:12:941 INFO  LoginPage :75 - Enter Password[[ChromeDriver: chrome on windows (455c2c80838cec639b2e4acd4adfa96d)] -> name: Password]
2023-12-17 15:12:256 INFO  LoginPage :80 - Click on login button [[ChromeDriver: chrome on windows (455c2c80838cec639b2e4acd4adfa96d)] -> xpath: //button[normalize-space()='Log in']]
2023-12-17 15:12:597 INFO  HomePage :120 - Getting message : [[ChromeDriver: chrome on windows (455c2c80838cec639b2e4acd4adfa96d)] -> class name: ico-logout]
2023-12-17 15:12:981 INFO  HomePage :109 - Click on login link  : [[ChromeDriver: chrome on windows (d8008c6dfbe396b3992f1f352b68c73e)] -> class name: ico-login]
2023-12-17 15:12:35 INFO  LoginPage :58 - Getting text from : [[ChromeDriver: chrome on windows (d8008c6dfbe396b3992f1f352b68c73e)] -> xpath: //h1[normalize-space()='Welcome, Please Sign In!']]
2023-12-17 15:12:639 INFO  HomePage :109 - Click on login link  : [[ChromeDriver: chrome on windows (6ddec9d9a309de680c0e10ba3d3bc233)] -> class name: ico-login]
2023-12-17 15:12:760 INFO  LoginPage :69 - Enter EmailId[[ChromeDriver: chrome on windows (6ddec9d9a309de680c0e10ba3d3bc233)] -> id: Email]
2023-12-17 15:12:821 INFO  LoginPage :75 - Enter Password[[ChromeDriver: chrome on windows (6ddec9d9a309de680c0e10ba3d3bc233)] -> name: Password]
2023-12-17 15:12:161 INFO  LoginPage :80 - Click on login button [[ChromeDriver: chrome on windows (6ddec9d9a309de680c0e10ba3d3bc233)] -> xpath: //button[normalize-space()='Log in']]
2023-12-17 15:12:482 INFO  HomePage :120 - Getting message : [[ChromeDriver: chrome on windows (6ddec9d9a309de680c0e10ba3d3bc233)] -> class name: ico-logout]
2023-12-17 15:12:483 INFO  HomePage :125 - Click on register link : [[ChromeDriver: chrome on windows (b8f7b8ddc815fc3fec686963cfc790de)] -> class name: ico-register]
2023-12-17 15:12:518 INFO  RegisterPage :123 - Getting text from : [[ChromeDriver: chrome on windows (b8f7b8ddc815fc3fec686963cfc790de)] -> tag name: h1]
2023-12-17 16:12:18 INFO  HomePage :109 - Click on login link  : [[ChromeDriver: chrome on windows (7b4971cb4bc9a747e00f01a995262fe6)] -> class name: ico-login]
2023-12-17 16:12:143 INFO  LoginPage :65 - Enter EmailId[[ChromeDriver: chrome on windows (7b4971cb4bc9a747e00f01a995262fe6)] -> id: Email]
2023-12-17 16:12:208 INFO  LoginPage :75 - Enter Password[[ChromeDriver: chrome on windows (7b4971cb4bc9a747e00f01a995262fe6)] -> name: Password]
2023-12-17 16:12:397 INFO  LoginPage :80 - Click on login button [[ChromeDriver: chrome on windows (7b4971cb4bc9a747e00f01a995262fe6)] -> xpath: //button[normalize-space()='Log in']]
2023-12-17 16:12:431 INFO  LoginPage :85 - Getting text from : [[ChromeDriver: chrome on windows (7b4971cb4bc9a747e00f01a995262fe6)] -> xpath: //div[@class='message-error validation-summary-errors']]
2023-12-17 16:12:500 INFO  HomePage :125 - Click on register link : [[ChromeDriver: chrome on windows (e2dd10be766161a20d8c7e81ec8ff1d6)] -> class name: ico-register]
2023-12-17 16:12:577 INFO  RegisterPage :129 - Click on register button : [[ChromeDriver: chrome on windows (e2dd10be766161a20d8c7e81ec8ff1d6)] -> id: register-button]
2023-12-17 16:12:617 INFO  RegisterPage :134 - Getting Message from : [[ChromeDriver: chrome on windows (e2dd10be766161a20d8c7e81ec8ff1d6)] -> id: FirstName-error]
2023-12-17 16:12:838 INFO  HomePage :109 - Click on login link  : [[ChromeDriver: chrome on windows (058ea826c3d1cf51f54e106ff47ec04f)] -> class name: ico-login]
2023-12-17 16:12:967 INFO  LoginPage :65 - Enter EmailId[[ChromeDriver: chrome on windows (058ea826c3d1cf51f54e106ff47ec04f)] -> id: Email]
2023-12-17 16:12:26 INFO  LoginPage :75 - Enter Password[[ChromeDriver: chrome on windows (058ea826c3d1cf51f54e106ff47ec04f)] -> name: Password]
2023-12-17 16:12:253 INFO  LoginPage :80 - Click on login button [[ChromeDriver: chrome on windows (058ea826c3d1cf51f54e106ff47ec04f)] -> xpath: //button[normalize-space()='Log in']]
2023-12-17 16:12:311 INFO  LoginPage :85 - Getting text from : [[ChromeDriver: chrome on windows (058ea826c3d1cf51f54e106ff47ec04f)] -> xpath: //div[@class='message-error validation-summary-errors']]
2023-12-17 16:12:551 INFO  HomePage :125 - Click on register link : [[ChromeDriver: chrome on windows (06f56c90a2f4d57884546392eaba36d6)] -> class name: ico-register]
2023-12-17 16:12:656 INFO  RegisterPage :129 - Click on register button : [[ChromeDriver: chrome on windows (06f56c90a2f4d57884546392eaba36d6)] -> id: register-button]
2023-12-17 16:12:689 INFO  RegisterPage :134 - Getting Message from : [[ChromeDriver: chrome on windows (06f56c90a2f4d57884546392eaba36d6)] -> id: FirstName-error]
2023-12-17 16:12:463 INFO  HomePage :109 - Click on login link  : [[ChromeDriver: chrome on windows (ce68b4733c78dc1ac27ffafb29bab56a)] -> class name: ico-login]
2023-12-17 16:12:694 INFO  LoginPage :65 - Enter EmailId[[ChromeDriver: chrome on windows (ce68b4733c78dc1ac27ffafb29bab56a)] -> id: Email]
2023-12-17 16:12:780 INFO  LoginPage :75 - Enter Password[[ChromeDriver: chrome on windows (ce68b4733c78dc1ac27ffafb29bab56a)] -> name: Password]
2023-12-17 16:12:934 INFO  LoginPage :80 - Click on login button [[ChromeDriver: chrome on windows (ce68b4733c78dc1ac27ffafb29bab56a)] -> xpath: //button[normalize-space()='Log in']]
2023-12-17 16:12:25 INFO  LoginPage :85 - Getting text from : [[ChromeDriver: chrome on windows (ce68b4733c78dc1ac27ffafb29bab56a)] -> xpath: //div[@class='message-error validation-summary-errors']]
2023-12-17 16:12:318 INFO  HomePage :125 - Click on register link : [[ChromeDriver: chrome on windows (7f9762cb52713de60b5e5b5b27c53f7c)] -> class name: ico-register]
2023-12-17 16:12:390 INFO  RegisterPage :129 - Click on register button : [[ChromeDriver: chrome on windows (7f9762cb52713de60b5e5b5b27c53f7c)] -> id: register-button]
2023-12-17 16:12:433 INFO  RegisterPage :134 - Getting Message from : [[ChromeDriver: chrome on windows (7f9762cb52713de60b5e5b5b27c53f7c)] -> id: FirstName-error]
2023-12-17 16:12:542 INFO  HomePage :109 - Click on login link  : [[ChromeDriver: chrome on windows (cf2d4a95d0fee7be475e8a54df0c8a64)] -> class name: ico-login]
2023-12-17 16:12:667 INFO  LoginPage :65 - Enter EmailId[[ChromeDriver: chrome on windows (cf2d4a95d0fee7be475e8a54df0c8a64)] -> id: Email]
2023-12-17 16:12:742 INFO  LoginPage :75 - Enter Password[[ChromeDriver: chrome on windows (cf2d4a95d0fee7be475e8a54df0c8a64)] -> name: Password]
2023-12-17 16:12:977 INFO  LoginPage :80 - Click on login button [[ChromeDriver: chrome on windows (cf2d4a95d0fee7be475e8a54df0c8a64)] -> xpath: //button[normalize-space()='Log in']]
2023-12-17 16:12:29 INFO  LoginPage :85 - Getting text from : [[ChromeDriver: chrome on windows (cf2d4a95d0fee7be475e8a54df0c8a64)] -> xpath: //div[@class='message-error validation-summary-errors']]
2023-12-17 16:12:222 INFO  HomePage :125 - Click on register link : [[ChromeDriver: chrome on windows (37a80da64a4b868c3f41430bd72b3294)] -> class name: ico-register]
2023-12-17 16:12:279 INFO  RegisterPage :129 - Click on register button : [[ChromeDriver: chrome on windows (37a80da64a4b868c3f41430bd72b3294)] -> id: register-button]
2023-12-17 16:12:154 INFO  HomePage :109 - Click on login link  : [[ChromeDriver: chrome on windows (edda13b325df15e2cd9fc338b48250fe)] -> class name: ico-login]
2023-12-17 16:12:294 INFO  LoginPage :65 - Enter EmailId[[ChromeDriver: chrome on windows (edda13b325df15e2cd9fc338b48250fe)] -> id: Email]
2023-12-17 16:12:357 INFO  LoginPage :75 - Enter Password[[ChromeDriver: chrome on windows (edda13b325df15e2cd9fc338b48250fe)] -> name: Password]
2023-12-17 16:12:554 INFO  LoginPage :80 - Click on login button [[ChromeDriver: chrome on windows (edda13b325df15e2cd9fc338b48250fe)] -> xpath: //button[normalize-space()='Log in']]
2023-12-17 16:12:618 INFO  LoginPage :85 - Getting text from : [[ChromeDriver: chrome on windows (edda13b325df15e2cd9fc338b48250fe)] -> xpath: //div[@class='message-error validation-summary-errors']]
2023-12-17 16:12:26 INFO  HomePage :125 - Click on register link : [[ChromeDriver: chrome on windows (a13a268ac7a3482509fb12115b512a6f)] -> class name: ico-register]
2023-12-17 16:12:96 INFO  RegisterPage :129 - Click on register button : [[ChromeDriver: chrome on windows (a13a268ac7a3482509fb12115b512a6f)] -> id: register-button]
2023-12-17 16:12:127 INFO  RegisterPage :134 - Getting Message from : [[ChromeDriver: chrome on windows (a13a268ac7a3482509fb12115b512a6f)] -> id: FirstName-error]
2023-12-17 16:12:145 INFO  RegisterPage :141 - Getting Message from : [[ChromeDriver: chrome on windows (a13a268ac7a3482509fb12115b512a6f)] -> id: LastName-error]
2023-12-17 16:12:162 INFO  RegisterPage :147 - Getting Message from : [[ChromeDriver: chrome on windows (a13a268ac7a3482509fb12115b512a6f)] -> id: Email-error]
2023-12-17 16:12:178 INFO  RegisterPage :154 - Getting Message from : [[ChromeDriver: chrome on windows (a13a268ac7a3482509fb12115b512a6f)] -> id: Password-error]
2023-12-17 16:12:196 INFO  RegisterPage :160 - Getting Message from : [[ChromeDriver: chrome on windows (a13a268ac7a3482509fb12115b512a6f)] -> id: ConfirmPassword-error]
2023-12-17 16:12:213 INFO  RegisterPage :134 - Getting Message from : [[ChromeDriver: chrome on windows (a13a268ac7a3482509fb12115b512a6f)] -> id: FirstName-error]
2023-12-17 16:12:234 INFO  RegisterPage :141 - Getting Message from : [[ChromeDriver: chrome on windows (a13a268ac7a3482509fb12115b512a6f)] -> id: LastName-error]
2023-12-17 16:12:249 INFO  RegisterPage :147 - Getting Message from : [[ChromeDriver: chrome on windows (a13a268ac7a3482509fb12115b512a6f)] -> id: Email-error]
2023-12-17 16:12:263 INFO  RegisterPage :154 - Getting Message from : [[ChromeDriver: chrome on windows (a13a268ac7a3482509fb12115b512a6f)] -> id: Password-error]
2023-12-17 16:12:278 INFO  RegisterPage :160 - Getting Message from : [[ChromeDriver: chrome on windows (a13a268ac7a3482509fb12115b512a6f)] -> id: ConfirmPassword-error]
2023-12-17 16:12:293 INFO  RegisterPage :134 - Getting Message from : [[ChromeDriver: chrome on windows (a13a268ac7a3482509fb12115b512a6f)] -> id: FirstName-error]
2023-12-17 16:12:309 INFO  RegisterPage :141 - Getting Message from : [[ChromeDriver: chrome on windows (a13a268ac7a3482509fb12115b512a6f)] -> id: LastName-error]
2023-12-17 16:12:323 INFO  RegisterPage :147 - Getting Message from : [[ChromeDriver: chrome on windows (a13a268ac7a3482509fb12115b512a6f)] -> id: Email-error]
2023-12-17 16:12:335 INFO  RegisterPage :154 - Getting Message from : [[ChromeDriver: chrome on windows (a13a268ac7a3482509fb12115b512a6f)] -> id: Password-error]
2023-12-17 16:12:350 INFO  RegisterPage :160 - Getting Message from : [[ChromeDriver: chrome on windows (a13a268ac7a3482509fb12115b512a6f)] -> id: ConfirmPassword-error]
2023-12-17 16:12:365 INFO  RegisterPage :134 - Getting Message from : [[ChromeDriver: chrome on windows (a13a268ac7a3482509fb12115b512a6f)] -> id: FirstName-error]
2023-12-17 16:12:378 INFO  RegisterPage :141 - Getting Message from : [[ChromeDriver: chrome on windows (a13a268ac7a3482509fb12115b512a6f)] -> id: LastName-error]
2023-12-17 16:12:392 INFO  RegisterPage :147 - Getting Message from : [[ChromeDriver: chrome on windows (a13a268ac7a3482509fb12115b512a6f)] -> id: Email-error]
2023-12-17 16:12:406 INFO  RegisterPage :154 - Getting Message from : [[ChromeDriver: chrome on windows (a13a268ac7a3482509fb12115b512a6f)] -> id: Password-error]
2023-12-17 16:12:419 INFO  RegisterPage :160 - Getting Message from : [[ChromeDriver: chrome on windows (a13a268ac7a3482509fb12115b512a6f)] -> id: ConfirmPassword-error]
2023-12-17 16:12:433 INFO  RegisterPage :134 - Getting Message from : [[ChromeDriver: chrome on windows (a13a268ac7a3482509fb12115b512a6f)] -> id: FirstName-error]
2023-12-17 16:12:450 INFO  RegisterPage :141 - Getting Message from : [[ChromeDriver: chrome on windows (a13a268ac7a3482509fb12115b512a6f)] -> id: LastName-error]
2023-12-17 16:12:470 INFO  RegisterPage :147 - Getting Message from : [[ChromeDriver: chrome on windows (a13a268ac7a3482509fb12115b512a6f)] -> id: Email-error]
2023-12-17 16:12:488 INFO  RegisterPage :154 - Getting Message from : [[ChromeDriver: chrome on windows (a13a268ac7a3482509fb12115b512a6f)] -> id: Password-error]
2023-12-17 16:12:506 INFO  RegisterPage :160 - Getting Message from : [[ChromeDriver: chrome on windows (a13a268ac7a3482509fb12115b512a6f)] -> id: ConfirmPassword-error]
2023-12-17 16:12:140 INFO  HomePage :109 - Click on login link  : [[ChromeDriver: chrome on windows (3c1f539ff057e8eb4cb97c5ddf893ade)] -> class name: ico-login]
2023-12-17 16:12:195 INFO  LoginPage :58 - Getting text from : [[ChromeDriver: chrome on windows (3c1f539ff057e8eb4cb97c5ddf893ade)] -> xpath: //h1[normalize-space()='Welcome, Please Sign In!']]
2023-12-17 16:12:654 INFO  HomePage :109 - Click on login link  : [[ChromeDriver: chrome on windows (3ab395f40ec0c207c8bf05959434d077)] -> class name: ico-login]
2023-12-17 16:12:775 INFO  LoginPage :69 - Enter EmailId[[ChromeDriver: chrome on windows (3ab395f40ec0c207c8bf05959434d077)] -> id: Email]
2023-12-17 16:12:850 INFO  LoginPage :75 - Enter Password[[ChromeDriver: chrome on windows (3ab395f40ec0c207c8bf05959434d077)] -> name: Password]
2023-12-17 16:12:67 INFO  LoginPage :80 - Click on login button [[ChromeDriver: chrome on windows (3ab395f40ec0c207c8bf05959434d077)] -> xpath: //button[normalize-space()='Log in']]
2023-12-17 16:12:734 INFO  HomePage :125 - Click on register link : [[ChromeDriver: chrome on windows (c3ed7fca44fd4a6be0c07d98bdb04416)] -> class name: ico-register]
2023-12-17 16:12:780 INFO  RegisterPage :123 - Getting text from : [[ChromeDriver: chrome on windows (c3ed7fca44fd4a6be0c07d98bdb04416)] -> tag name: h1]
2023-12-17 16:12:94 INFO  HomePage :125 - Click on register link : [[ChromeDriver: chrome on windows (f0931bfe27951eccf4aa94480081381f)] -> class name: ico-register]
2023-12-17 16:12:156 INFO  RegisterPage :175 - Select gender : Female
2023-12-17 16:12:231 INFO  RegisterPage :180 - Enter first name : [[ChromeDriver: chrome on windows (f0931bfe27951eccf4aa94480081381f)] -> id: FirstName]
2023-12-17 16:12:288 INFO  RegisterPage :185 - Enter last name : [[ChromeDriver: chrome on windows (f0931bfe27951eccf4aa94480081381f)] -> id: LastName]
2023-12-17 16:12:371 INFO  RegisterPage :190 - Enter date of birthDay : [[ChromeDriver: chrome on windows (f0931bfe27951eccf4aa94480081381f)] -> name: DateOfBirthDay]
2023-12-17 16:12:437 INFO  RegisterPage :195 - Enter date of birthMonth : [[ChromeDriver: chrome on windows (f0931bfe27951eccf4aa94480081381f)] -> name: DateOfBirthMonth]
2023-12-17 16:12:503 INFO  RegisterPage :200 - Enter date of birthYear : [[ChromeDriver: chrome on windows (f0931bfe27951eccf4aa94480081381f)] -> name: DateOfBirthYear]
2023-12-17 16:12:617 INFO  RegisterPage :217 - Enter EmailId : mary36812106858MTAjohn@gmail.com
2023-12-17 16:12:673 INFO  RegisterPage :222 - Enter password : [[ChromeDriver: chrome on windows (f0931bfe27951eccf4aa94480081381f)] -> id: Password]
2023-12-17 16:12:738 INFO  RegisterPage :226 - Enter confirm password : [[ChromeDriver: chrome on windows (f0931bfe27951eccf4aa94480081381f)] -> id: ConfirmPassword]
2023-12-17 16:12:46 INFO  RegisterPage :129 - Click on register button : [[ChromeDriver: chrome on windows (f0931bfe27951eccf4aa94480081381f)] -> id: register-button]
2023-12-17 16:12:119 INFO  RegisterPage :231 - Getting message : [[ChromeDriver: chrome on windows (f0931bfe27951eccf4aa94480081381f)] -> class name: result]
2023-12-17 16:12:197 INFO  HomePage :103 - Click on computer tab  : [[ChromeDriver: chrome on windows (6b6d7e249e7246c0a5431cefa914e57c)] -> xpath: //ul[@class='top-menu notmobile']//a[normalize-space()='Computers']]
2023-12-17 16:12:270 INFO  ComputerPage :33 - Getting text from : [[ChromeDriver: chrome on windows (6b6d7e249e7246c0a5431cefa914e57c)] -> xpath: //h1[normalize-space()='Computers']]
2023-12-17 16:12:667 INFO  HomePage :109 - Click on login link  : [[ChromeDriver: chrome on windows (53c8cf5017bdbc88b0d940d27822ae72)] -> class name: ico-login]
2023-12-17 16:12:721 INFO  LoginPage :58 - Getting text from : [[ChromeDriver: chrome on windows (53c8cf5017bdbc88b0d940d27822ae72)] -> xpath: //h1[normalize-space()='Welcome, Please Sign In!']]
2023-12-17 16:12:483 INFO  HomePage :109 - Click on login link  : [[ChromeDriver: chrome on windows (7b95ba453f32ea4afa5d379253f3a922)] -> class name: ico-login]
2023-12-17 16:12:583 INFO  LoginPage :69 - Enter EmailId[[ChromeDriver: chrome on windows (7b95ba453f32ea4afa5d379253f3a922)] -> id: Email]
2023-12-17 16:12:637 INFO  LoginPage :75 - Enter Password[[ChromeDriver: chrome on windows (7b95ba453f32ea4afa5d379253f3a922)] -> name: Password]
2023-12-17 16:12:799 INFO  LoginPage :80 - Click on login button [[ChromeDriver: chrome on windows (7b95ba453f32ea4afa5d379253f3a922)] -> xpath: //button[normalize-space()='Log in']]
2023-12-17 16:12:35 INFO  HomePage :125 - Click on register link : [[ChromeDriver: chrome on windows (d35fb20ea10ab6ea3c4e740664e57f67)] -> class name: ico-register]
2023-12-17 16:12:86 INFO  RegisterPage :123 - Getting text from : [[ChromeDriver: chrome on windows (d35fb20ea10ab6ea3c4e740664e57f67)] -> tag name: h1]
2023-12-17 16:12:221 INFO  HomePage :125 - Click on register link : [[ChromeDriver: chrome on windows (73e6b687f6a7a2e6f88b770c7a63b32a)] -> class name: ico-register]
2023-12-17 16:12:315 INFO  RegisterPage :175 - Select gender : Female
2023-12-17 16:12:385 INFO  RegisterPage :180 - Enter first name : [[ChromeDriver: chrome on windows (73e6b687f6a7a2e6f88b770c7a63b32a)] -> id: FirstName]
2023-12-17 16:12:442 INFO  RegisterPage :185 - Enter last name : [[ChromeDriver: chrome on windows (73e6b687f6a7a2e6f88b770c7a63b32a)] -> id: LastName]
2023-12-17 16:12:523 INFO  RegisterPage :190 - Enter date of birthDay : [[ChromeDriver: chrome on windows (73e6b687f6a7a2e6f88b770c7a63b32a)] -> name: DateOfBirthDay]
2023-12-17 16:12:587 INFO  RegisterPage :195 - Enter date of birthMonth : [[ChromeDriver: chrome on windows (73e6b687f6a7a2e6f88b770c7a63b32a)] -> name: DateOfBirthMonth]
2023-12-17 16:12:649 INFO  RegisterPage :200 - Enter date of birthYear : [[ChromeDriver: chrome on windows (73e6b687f6a7a2e6f88b770c7a63b32a)] -> name: DateOfBirthYear]
2023-12-17 16:12:760 INFO  RegisterPage :217 - Enter EmailId : mary368121068qxdhVjohn@gmail.com
2023-12-17 16:12:810 INFO  RegisterPage :222 - Enter password : [[ChromeDriver: chrome on windows (73e6b687f6a7a2e6f88b770c7a63b32a)] -> id: Password]
2023-12-17 16:12:866 INFO  RegisterPage :226 - Enter confirm password : [[ChromeDriver: chrome on windows (73e6b687f6a7a2e6f88b770c7a63b32a)] -> id: ConfirmPassword]
2023-12-17 16:12:118 INFO  RegisterPage :129 - Click on register button : [[ChromeDriver: chrome on windows (73e6b687f6a7a2e6f88b770c7a63b32a)] -> id: register-button]
2023-12-17 16:12:175 INFO  RegisterPage :231 - Getting message : [[ChromeDriver: chrome on windows (73e6b687f6a7a2e6f88b770c7a63b32a)] -> class name: result]
2023-12-18 18:12:653 INFO  HomePage :103 - Click on computer tab  : [[ChromeDriver: chrome on windows (bcf4b76e4ff1b639353428a32c599be6)] -> xpath: //ul[@class='top-menu notmobile']//a[normalize-space()='Computers']]
2023-12-18 18:12:50 INFO  ComputerPage :39 - Click on desktop : [[ChromeDriver: chrome on windows (bcf4b76e4ff1b639353428a32c599be6)] -> xpath: //a[@title='Show products in category Desktops'][normalize-space()='Desktops']]
2023-12-18 18:12:76 INFO  DeskTopPage :35 - Getting message from : [[ChromeDriver: chrome on windows (bcf4b76e4ff1b639353428a32c599be6)] -> xpath: //h2[@class='product-title']//a[normalize-space()='Build your own computer']]
2023-12-18 18:12:758 INFO  BuildYourOwnComputerPage :56 - Select Processor : [[ChromeDriver: chrome on windows (bcf4b76e4ff1b639353428a32c599be6)] -> xpath: //select[@id='product_attribute_1']]
2023-12-18 18:12:823 INFO  BuildYourOwnComputerPage :61 - Select Ram : [[ChromeDriver: chrome on windows (bcf4b76e4ff1b639353428a32c599be6)] -> xpath: //select[@id='product_attribute_2']]
2023-12-18 18:12:875 INFO  BuildYourOwnComputerPage :66 - Select Hdd : [[ChromeDriver: chrome on windows (bcf4b76e4ff1b639353428a32c599be6)] -> id: product_attribute_3_7]
2023-12-18 18:12:932 INFO  BuildYourOwnComputerPage :71 - Select Processor : [[ChromeDriver: chrome on windows (bcf4b76e4ff1b639353428a32c599be6)] -> xpath: //select[@id='product_attribute_1']]
2023-12-18 18:12:977 INFO  BuildYourOwnComputerPage :76 - Select Software  : [[ChromeDriver: chrome on windows (bcf4b76e4ff1b639353428a32c599be6)] -> id: product_attribute_5_12]
2023-12-18 18:12:12 INFO  BuildYourOwnComputerPage :81 - Click on add to cart link  : [[ChromeDriver: chrome on windows (bcf4b76e4ff1b639353428a32c599be6)] -> id: add-to-cart-button-1]
2023-12-18 18:12:236 INFO  BuildYourOwnComputerPage :86 - Getting text from : [[ChromeDriver: chrome on windows (bcf4b76e4ff1b639353428a32c599be6)] -> xpath: //p[@class='content']]
2023-12-18 18:12:905 INFO  HomePage :103 - Click on computer tab  : [[ChromeDriver: chrome on windows (af066255cf749927279a29b0ef2b8ecb)] -> xpath: //ul[@class='top-menu notmobile']//a[normalize-space()='Computers']]
2023-12-18 18:12:236 INFO  ComputerPage :39 - Click on desktop : [[ChromeDriver: chrome on windows (af066255cf749927279a29b0ef2b8ecb)] -> xpath: //a[@title='Show products in category Desktops'][normalize-space()='Desktops']]
2023-12-18 18:12:274 INFO  DeskTopPage :35 - Getting message from : [[ChromeDriver: chrome on windows (af066255cf749927279a29b0ef2b8ecb)] -> xpath: //h2[@class='product-title']//a[normalize-space()='Build your own computer']]
2023-12-18 18:12:617 INFO  BuildYourOwnComputerPage :56 - Select Processor : [[ChromeDriver: chrome on windows (af066255cf749927279a29b0ef2b8ecb)] -> xpath: //select[@id='product_attribute_1']]
2023-12-18 18:12:694 INFO  BuildYourOwnComputerPage :61 - Select Ram : [[ChromeDriver: chrome on windows (af066255cf749927279a29b0ef2b8ecb)] -> xpath: //select[@id='product_attribute_2']]
2023-12-18 18:12:765 INFO  BuildYourOwnComputerPage :66 - Select Hdd : [[ChromeDriver: chrome on windows (af066255cf749927279a29b0ef2b8ecb)] -> id: product_attribute_3_7]
2023-12-18 18:12:830 INFO  BuildYourOwnComputerPage :71 - Select Processor : [[ChromeDriver: chrome on windows (af066255cf749927279a29b0ef2b8ecb)] -> xpath: //select[@id='product_attribute_1']]
2023-12-18 18:12:885 INFO  BuildYourOwnComputerPage :76 - Select Software  : [[ChromeDriver: chrome on windows (af066255cf749927279a29b0ef2b8ecb)] -> id: product_attribute_5_12]
2023-12-18 18:12:935 INFO  BuildYourOwnComputerPage :81 - Click on add to cart link  : [[ChromeDriver: chrome on windows (af066255cf749927279a29b0ef2b8ecb)] -> id: add-to-cart-button-1]
2023-12-18 18:12:152 INFO  BuildYourOwnComputerPage :86 - Getting text from : [[ChromeDriver: chrome on windows (af066255cf749927279a29b0ef2b8ecb)] -> xpath: //p[@class='content']]
2023-12-18 18:12:538 INFO  HomePage :103 - Click on computer tab  : [[ChromeDriver: chrome on windows (5c430a6304d30bfcc393a2d6bc0ca92a)] -> xpath: //ul[@class='top-menu notmobile']//a[normalize-space()='Computers']]
2023-12-18 18:12:792 INFO  ComputerPage :39 - Click on desktop : [[ChromeDriver: chrome on windows (5c430a6304d30bfcc393a2d6bc0ca92a)] -> xpath: //a[@title='Show products in category Desktops'][normalize-space()='Desktops']]
2023-12-18 18:12:836 INFO  DeskTopPage :35 - Getting message from : [[ChromeDriver: chrome on windows (5c430a6304d30bfcc393a2d6bc0ca92a)] -> xpath: //h2[@class='product-title']//a[normalize-space()='Build your own computer']]
2023-12-18 18:12:176 INFO  BuildYourOwnComputerPage :56 - Select Processor : [[ChromeDriver: chrome on windows (5c430a6304d30bfcc393a2d6bc0ca92a)] -> xpath: //select[@id='product_attribute_1']]
2023-12-18 18:12:261 INFO  BuildYourOwnComputerPage :61 - Select Ram : [[ChromeDriver: chrome on windows (5c430a6304d30bfcc393a2d6bc0ca92a)] -> xpath: //select[@id='product_attribute_2']]
2023-12-18 18:12:327 INFO  BuildYourOwnComputerPage :66 - Select Hdd : [[ChromeDriver: chrome on windows (5c430a6304d30bfcc393a2d6bc0ca92a)] -> id: product_attribute_3_7]
2023-12-18 18:12:403 INFO  BuildYourOwnComputerPage :71 - Select Processor : [[ChromeDriver: chrome on windows (5c430a6304d30bfcc393a2d6bc0ca92a)] -> xpath: //select[@id='product_attribute_1']]
2023-12-18 18:12:461 INFO  BuildYourOwnComputerPage :76 - Select Software  : [[ChromeDriver: chrome on windows (5c430a6304d30bfcc393a2d6bc0ca92a)] -> id: product_attribute_5_12]
2023-12-18 18:12:505 INFO  BuildYourOwnComputerPage :81 - Click on add to cart link  : [[ChromeDriver: chrome on windows (5c430a6304d30bfcc393a2d6bc0ca92a)] -> id: add-to-cart-button-1]
2023-12-18 18:12:660 INFO  BuildYourOwnComputerPage :86 - Getting text from : [[ChromeDriver: chrome on windows (5c430a6304d30bfcc393a2d6bc0ca92a)] -> xpath: //p[@class='content']]
2023-12-19 09:12:163 INFO  HomePage :103 - Click on computer tab  : [[ChromeDriver: chrome on windows (2932eb30ddc488c8a2ccc03d96783ad0)] -> xpath: //ul[@class='top-menu notmobile']//a[normalize-space()='Computers']]
2023-12-19 09:12:753 INFO  HomePage :109 - Click on login link  : [[ChromeDriver: chrome on windows (82f3528f7f78bc914924c30db6ca2a91)] -> class name: ico-login]
2023-12-19 09:12:868 INFO  LoginPage :58 - Getting text from : [[ChromeDriver: chrome on windows (82f3528f7f78bc914924c30db6ca2a91)] -> xpath: //h1[normalize-space()='Welcome, Please Sign In!']]
2023-12-19 09:12:742 INFO  HomePage :109 - Click on login link  : [[ChromeDriver: chrome on windows (0206cde11085de7a4891a7406fdfb729)] -> class name: ico-login]
2023-12-19 09:12:861 INFO  LoginPage :65 - Enter EmailId[[ChromeDriver: chrome on windows (0206cde11085de7a4891a7406fdfb729)] -> id: Email]
2023-12-19 09:12:928 INFO  LoginPage :75 - Enter Password[[ChromeDriver: chrome on windows (0206cde11085de7a4891a7406fdfb729)] -> name: Password]
2023-12-19 09:12:142 INFO  LoginPage :80 - Click on login button [[ChromeDriver: chrome on windows (0206cde11085de7a4891a7406fdfb729)] -> xpath: //button[normalize-space()='Log in']]
2023-12-19 09:12:203 INFO  LoginPage :85 - Getting text from : [[ChromeDriver: chrome on windows (0206cde11085de7a4891a7406fdfb729)] -> xpath: //div[@class='message-error validation-summary-errors']]
2023-12-19 09:12:571 INFO  HomePage :109 - Click on login link  : [[ChromeDriver: chrome on windows (483f95f7d53e27c2943dcc056332d3d1)] -> class name: ico-login]
2023-12-19 09:12:682 INFO  LoginPage :69 - Enter EmailId[[ChromeDriver: chrome on windows (483f95f7d53e27c2943dcc056332d3d1)] -> id: Email]
2023-12-19 09:12:745 INFO  LoginPage :75 - Enter Password[[ChromeDriver: chrome on windows (483f95f7d53e27c2943dcc056332d3d1)] -> name: Password]
2023-12-19 09:12:922 INFO  LoginPage :80 - Click on login button [[ChromeDriver: chrome on windows (483f95f7d53e27c2943dcc056332d3d1)] -> xpath: //button[normalize-space()='Log in']]
